<?xml version="1.0" encoding="UTF-8"?>
<!-- Generated by org.testng.reporters.JUnitReportReporter -->
<testsuite hostname="Akhilash" failures="0" tests="1" name="organization.CreateOrganization" time="8.884" errors="0" timestamp="2023-01-24T19:39:33 IST" skipped="0">
  <testcase classname="organization.CreateOrganization" name="createOrgMEthod" time="8.884"/>
  <system-out/>
</testsuite> <!-- organization.CreateOrganization -->
