<?xml version="1.0" encoding="UTF-8"?>
<!-- Generated by org.testng.reporters.JUnitReportReporter -->
<testsuite hostname="Akhilash" failures="0" tests="3" name="testng.TestNgDependsOnMethods" time="0.023" errors="0" timestamp="2023-01-24T11:00:42 IST" skipped="0">
  <testcase classname="testng.TestNgDependsOnMethods" name="show" time="0.001"/>
  <system-out/>
  <testcase classname="testng.TestNgDependsOnMethods" name="modify" time="0.001"/>
  <system-out/>
  <testcase classname="testng.TestNgDependsOnMethods" name="create" time="0.021"/>
  <system-out/>
</testsuite> <!-- testng.TestNgDependsOnMethods -->
