<?xml version="1.0" encoding="UTF-8"?>
<!-- Generated by org.testng.reporters.JUnitReportReporter -->
<testsuite hostname="Akhilash" failures="0" tests="3" name="testng.TestingTest2" time="0.017" errors="0" timestamp="2023-01-23T22:53:40 IST" skipped="0">
  <testcase classname="testng.TestingTest2" name="delete" time="0.015"/>
  <system-out/>
  <testcase classname="testng.TestingTest2" name="show" time="0.001"/>
  <system-out/>
  <testcase classname="testng.TestingTest2" name="disp" time="0.001"/>
  <system-out/>
</testsuite> <!-- testng.TestingTest2 -->
