<?xml version="1.0" encoding="UTF-8"?>
<!-- Generated by org.testng.reporters.JUnitReportReporter -->
<testsuite hostname="Akhilash" failures="0" tests="1" name="practice.TestNGTest" time="0.018" errors="0" timestamp="2023-01-23T22:36:33 IST" skipped="0">
  <testcase classname="practice.TestNGTest" name="m1" time="0.018"/>
  <system-out/>
</testsuite> <!-- practice.TestNGTest -->
