<?xml version="1.0" encoding="UTF-8"?>
<!-- Generated by org.testng.reporters.JUnitReportReporter -->
<testsuite hostname="Akhilash" failures="0" tests="6" name="testng.TestNGInvocationCount" time="0.015" errors="0" timestamp="2023-01-23T23:11:36 IST" skipped="0">
  <testcase classname="testng.TestNGInvocationCount" name="show" time="0.002"/>
  <system-out/>
  <testcase classname="testng.TestNGInvocationCount" name="modify" time="0.002"/>
  <system-out/>
  <testcase classname="testng.TestNGInvocationCount" name="create" time="0.002"/>
  <system-out/>
  <testcase classname="testng.TestNGInvocationCount" name="create" time="0.001"/>
  <system-out/>
  <testcase classname="testng.TestNGInvocationCount" name="create" time="0.007"/>
  <system-out/>
  <testcase classname="testng.TestNGInvocationCount" name="create" time="0.001"/>
  <system-out/>
</testsuite> <!-- testng.TestNGInvocationCount -->
