<?xml version="1.0" encoding="UTF-8"?>
<!-- Generated by org.testng.reporters.JUnitReportReporter -->
<testsuite hostname="Akhilash" failures="0" tests="4" name="testng.TestngPriority" time="0.011" errors="0" timestamp="2023-01-23T23:03:01 IST" skipped="1">
  <testcase classname="testng.TestngPriority" name="delete" time="0.008"/>
  <system-out/>
  <testcase classname="testng.TestngPriority" name="show" time="0.002"/>
  <system-out/>
  <testcase classname="testng.TestngPriority" name="disp" time="0.001"/>
  <system-out/>
  <testcase classname="testng.TestngPriority" name="create">
    <skipped/>
  </testcase> <!-- create -->
  <system-out/>
</testsuite> <!-- testng.TestngPriority -->
