<?xml version="1.0" encoding="UTF-8"?>
<!-- Generated by org.testng.reporters.JUnitReportReporter -->
<testsuite hostname="Akhilash" failures="0" tests="1" name="campaign.CampaignTest" time="0.006" errors="0" timestamp="2023-01-25T20:10:32 IST" skipped="0">
  <testcase classname="campaign.CampaignTest" name="campaignTest" time="0.006"/>
  <system-out/>
</testsuite> <!-- campaign.CampaignTest -->
